[0.012s] Invoking command in '/home/prakt5/prakt5_ws/src/morris_interface/build/morris_interface': CMAKE_PREFIX_PATH=${CMAKE_PREFIX_PATH}:/home/prakt5/prakt5_ws/src/install/robot_controll_py:/home/prakt5/prakt5_ws/src/install/moveit_configs_utils:/home/prakt5/prakt5_ws/src/install/launch_param_builder:/home/prakt5/prakt5_ws/src/install/calibration_pubsub_py:/home/prakt5/ws_moveit2/install/moveit_configs_utils:/home/prakt5/ws_moveit2/install/launch_param_builder:/home/prakt5/prakt5_ws/install/sucker:/home/prakt5/prakt5_ws/install/moveit_configs_utils:/home/prakt5/prakt5_ws/install/launch_param_builder:/home/prakt5/prakt5_ws/install/calibration_pubsub:/home/prakt5/prakt5_ws/install/aufgabe1:/opt/ros/galactic /usr/bin/cmake /home/prakt5/prakt5_ws/src/morris_interface -DCMAKE_INSTALL_PREFIX=/home/prakt5/prakt5_ws/src/morris_interface/install/morris_interface
[0.056s] -- The C compiler identification is GNU 9.4.0
[0.105s] -- The CXX compiler identification is GNU 9.4.0
[0.111s] -- Check for working C compiler: /usr/bin/cc
[0.181s] -- Check for working C compiler: /usr/bin/cc -- works
[0.182s] -- Detecting C compiler ABI info
[0.247s] -- Detecting C compiler ABI info - done
[0.259s] -- Detecting C compile features
[0.260s] -- Detecting C compile features - done
[0.261s] -- Check for working CXX compiler: /usr/bin/c++
[0.332s] -- Check for working CXX compiler: /usr/bin/c++ -- works
[0.332s] -- Detecting CXX compiler ABI info
[0.402s] -- Detecting CXX compiler ABI info - done
[0.411s] -- Detecting CXX compile features
[0.411s] -- Detecting CXX compile features - done
[0.416s] -- Found ament_cmake: 1.1.5 (/opt/ros/galactic/share/ament_cmake/cmake)
[0.440s] -- Found PythonInterp: /usr/bin/python3 (found suitable version "3.8.10", minimum required is "3") 
[0.440s] -- Using PYTHON_EXECUTABLE: /usr/bin/python3
[0.530s] -- Found ament_lint_auto: 0.10.7 (/opt/ros/galactic/share/ament_lint_auto/cmake)
[0.603s] -- Added test 'copyright' to check source files copyright and LICENSE
[0.605s] -- Added test 'cppcheck' to perform static code analysis on C / C++ code
[0.605s] -- Configured cppcheck include dirs: 
[0.605s] -- Configured cppcheck exclude dirs and/or files: 
[0.608s] -- Added test 'cpplint' to check C / C++ code against the Google style
[0.608s] -- Configured cpplint exclude dirs and/or files: 
[0.610s] -- Added test 'lint_cmake' to check CMake code style
[0.613s] -- Added test 'uncrustify' to check C / C++ code style
[0.613s] -- Configured uncrustify additional arguments: 
[0.614s] -- Added test 'xmllint' to check XML markup files
[0.617s] -- Configuring done
[0.618s] -- Generating done
[0.618s] -- Build files have been written to: /home/prakt5/prakt5_ws/src/morris_interface/build/morris_interface
[0.621s] Invoked command in '/home/prakt5/prakt5_ws/src/morris_interface/build/morris_interface' returned '0': CMAKE_PREFIX_PATH=${CMAKE_PREFIX_PATH}:/home/prakt5/prakt5_ws/src/install/robot_controll_py:/home/prakt5/prakt5_ws/src/install/moveit_configs_utils:/home/prakt5/prakt5_ws/src/install/launch_param_builder:/home/prakt5/prakt5_ws/src/install/calibration_pubsub_py:/home/prakt5/ws_moveit2/install/moveit_configs_utils:/home/prakt5/ws_moveit2/install/launch_param_builder:/home/prakt5/prakt5_ws/install/sucker:/home/prakt5/prakt5_ws/install/moveit_configs_utils:/home/prakt5/prakt5_ws/install/launch_param_builder:/home/prakt5/prakt5_ws/install/calibration_pubsub:/home/prakt5/prakt5_ws/install/aufgabe1:/opt/ros/galactic /usr/bin/cmake /home/prakt5/prakt5_ws/src/morris_interface -DCMAKE_INSTALL_PREFIX=/home/prakt5/prakt5_ws/src/morris_interface/install/morris_interface
[0.623s] Invoking command in '/home/prakt5/prakt5_ws/src/morris_interface/build/morris_interface': CMAKE_PREFIX_PATH=${CMAKE_PREFIX_PATH}:/home/prakt5/prakt5_ws/src/install/robot_controll_py:/home/prakt5/prakt5_ws/src/install/moveit_configs_utils:/home/prakt5/prakt5_ws/src/install/launch_param_builder:/home/prakt5/prakt5_ws/src/install/calibration_pubsub_py:/home/prakt5/ws_moveit2/install/moveit_configs_utils:/home/prakt5/ws_moveit2/install/launch_param_builder:/home/prakt5/prakt5_ws/install/sucker:/home/prakt5/prakt5_ws/install/moveit_configs_utils:/home/prakt5/prakt5_ws/install/launch_param_builder:/home/prakt5/prakt5_ws/install/calibration_pubsub:/home/prakt5/prakt5_ws/install/aufgabe1:/opt/ros/galactic /usr/bin/cmake --build /home/prakt5/prakt5_ws/src/morris_interface/build/morris_interface -- -j12 -l12
[0.653s] Invoked command in '/home/prakt5/prakt5_ws/src/morris_interface/build/morris_interface' returned '0': CMAKE_PREFIX_PATH=${CMAKE_PREFIX_PATH}:/home/prakt5/prakt5_ws/src/install/robot_controll_py:/home/prakt5/prakt5_ws/src/install/moveit_configs_utils:/home/prakt5/prakt5_ws/src/install/launch_param_builder:/home/prakt5/prakt5_ws/src/install/calibration_pubsub_py:/home/prakt5/ws_moveit2/install/moveit_configs_utils:/home/prakt5/ws_moveit2/install/launch_param_builder:/home/prakt5/prakt5_ws/install/sucker:/home/prakt5/prakt5_ws/install/moveit_configs_utils:/home/prakt5/prakt5_ws/install/launch_param_builder:/home/prakt5/prakt5_ws/install/calibration_pubsub:/home/prakt5/prakt5_ws/install/aufgabe1:/opt/ros/galactic /usr/bin/cmake --build /home/prakt5/prakt5_ws/src/morris_interface/build/morris_interface -- -j12 -l12
[0.685s] Invoking command in '/home/prakt5/prakt5_ws/src/morris_interface/build/morris_interface': CMAKE_PREFIX_PATH=${CMAKE_PREFIX_PATH}:/home/prakt5/prakt5_ws/src/install/robot_controll_py:/home/prakt5/prakt5_ws/src/install/moveit_configs_utils:/home/prakt5/prakt5_ws/src/install/launch_param_builder:/home/prakt5/prakt5_ws/src/install/calibration_pubsub_py:/home/prakt5/ws_moveit2/install/moveit_configs_utils:/home/prakt5/ws_moveit2/install/launch_param_builder:/home/prakt5/prakt5_ws/install/sucker:/home/prakt5/prakt5_ws/install/moveit_configs_utils:/home/prakt5/prakt5_ws/install/launch_param_builder:/home/prakt5/prakt5_ws/install/calibration_pubsub:/home/prakt5/prakt5_ws/install/aufgabe1:/opt/ros/galactic /usr/bin/cmake --install /home/prakt5/prakt5_ws/src/morris_interface/build/morris_interface
[0.691s] -- Install configuration: ""
[0.692s] -- Installing: /home/prakt5/prakt5_ws/src/morris_interface/install/morris_interface/share/ament_index/resource_index/package_run_dependencies/morris_interface
[0.692s] -- Installing: /home/prakt5/prakt5_ws/src/morris_interface/install/morris_interface/share/ament_index/resource_index/parent_prefix_path/morris_interface
[0.692s] -- Installing: /home/prakt5/prakt5_ws/src/morris_interface/install/morris_interface/share/morris_interface/environment/ament_prefix_path.sh
[0.692s] -- Installing: /home/prakt5/prakt5_ws/src/morris_interface/install/morris_interface/share/morris_interface/environment/ament_prefix_path.dsv
[0.692s] -- Installing: /home/prakt5/prakt5_ws/src/morris_interface/install/morris_interface/share/morris_interface/environment/path.sh
[0.692s] -- Installing: /home/prakt5/prakt5_ws/src/morris_interface/install/morris_interface/share/morris_interface/environment/path.dsv
[0.692s] -- Installing: /home/prakt5/prakt5_ws/src/morris_interface/install/morris_interface/share/morris_interface/local_setup.bash
[0.692s] -- Installing: /home/prakt5/prakt5_ws/src/morris_interface/install/morris_interface/share/morris_interface/local_setup.sh
[0.692s] -- Installing: /home/prakt5/prakt5_ws/src/morris_interface/install/morris_interface/share/morris_interface/local_setup.zsh
[0.692s] -- Installing: /home/prakt5/prakt5_ws/src/morris_interface/install/morris_interface/share/morris_interface/local_setup.dsv
[0.692s] -- Installing: /home/prakt5/prakt5_ws/src/morris_interface/install/morris_interface/share/morris_interface/package.dsv
[0.692s] -- Installing: /home/prakt5/prakt5_ws/src/morris_interface/install/morris_interface/share/ament_index/resource_index/packages/morris_interface
[0.692s] -- Installing: /home/prakt5/prakt5_ws/src/morris_interface/install/morris_interface/share/morris_interface/cmake/morris_interfaceConfig.cmake
[0.692s] -- Installing: /home/prakt5/prakt5_ws/src/morris_interface/install/morris_interface/share/morris_interface/cmake/morris_interfaceConfig-version.cmake
[0.692s] -- Installing: /home/prakt5/prakt5_ws/src/morris_interface/install/morris_interface/share/morris_interface/package.xml
[0.694s] Invoked command in '/home/prakt5/prakt5_ws/src/morris_interface/build/morris_interface' returned '0': CMAKE_PREFIX_PATH=${CMAKE_PREFIX_PATH}:/home/prakt5/prakt5_ws/src/install/robot_controll_py:/home/prakt5/prakt5_ws/src/install/moveit_configs_utils:/home/prakt5/prakt5_ws/src/install/launch_param_builder:/home/prakt5/prakt5_ws/src/install/calibration_pubsub_py:/home/prakt5/ws_moveit2/install/moveit_configs_utils:/home/prakt5/ws_moveit2/install/launch_param_builder:/home/prakt5/prakt5_ws/install/sucker:/home/prakt5/prakt5_ws/install/moveit_configs_utils:/home/prakt5/prakt5_ws/install/launch_param_builder:/home/prakt5/prakt5_ws/install/calibration_pubsub:/home/prakt5/prakt5_ws/install/aufgabe1:/opt/ros/galactic /usr/bin/cmake --install /home/prakt5/prakt5_ws/src/morris_interface/build/morris_interface
