running egg_info
creating build/calibration_pubsub/calibration_pubsub.egg-info
writing build/calibration_pubsub/calibration_pubsub.egg-info/PKG-INFO
writing dependency_links to build/calibration_pubsub/calibration_pubsub.egg-info/dependency_links.txt
writing entry points to build/calibration_pubsub/calibration_pubsub.egg-info/entry_points.txt
writing requirements to build/calibration_pubsub/calibration_pubsub.egg-info/requires.txt
writing top-level names to build/calibration_pubsub/calibration_pubsub.egg-info/top_level.txt
writing manifest file 'build/calibration_pubsub/calibration_pubsub.egg-info/SOURCES.txt'
reading manifest file 'build/calibration_pubsub/calibration_pubsub.egg-info/SOURCES.txt'
writing manifest file 'build/calibration_pubsub/calibration_pubsub.egg-info/SOURCES.txt'
running build
running build_py
creating /home/prakt5/prakt5_ws/src/calibration_pubsub/build/calibration_pubsub/build
creating /home/prakt5/prakt5_ws/src/calibration_pubsub/build/calibration_pubsub/build/lib
creating /home/prakt5/prakt5_ws/src/calibration_pubsub/build/calibration_pubsub/build/lib/calibration_pubsub
copying calibration_pubsub/__init__.py -> /home/prakt5/prakt5_ws/src/calibration_pubsub/build/calibration_pubsub/build/lib/calibration_pubsub
copying calibration_pubsub/calibration.py -> /home/prakt5/prakt5_ws/src/calibration_pubsub/build/calibration_pubsub/build/lib/calibration_pubsub
running install
running install_lib
creating /home/prakt5/prakt5_ws/src/calibration_pubsub/install/calibration_pubsub/lib/python3.8/site-packages/calibration_pubsub
copying /home/prakt5/prakt5_ws/src/calibration_pubsub/build/calibration_pubsub/build/lib/calibration_pubsub/__init__.py -> /home/prakt5/prakt5_ws/src/calibration_pubsub/install/calibration_pubsub/lib/python3.8/site-packages/calibration_pubsub
copying /home/prakt5/prakt5_ws/src/calibration_pubsub/build/calibration_pubsub/build/lib/calibration_pubsub/calibration.py -> /home/prakt5/prakt5_ws/src/calibration_pubsub/install/calibration_pubsub/lib/python3.8/site-packages/calibration_pubsub
byte-compiling /home/prakt5/prakt5_ws/src/calibration_pubsub/install/calibration_pubsub/lib/python3.8/site-packages/calibration_pubsub/__init__.py to __init__.cpython-38.pyc
byte-compiling /home/prakt5/prakt5_ws/src/calibration_pubsub/install/calibration_pubsub/lib/python3.8/site-packages/calibration_pubsub/calibration.py to calibration.cpython-38.pyc
running install_data
creating /home/prakt5/prakt5_ws/src/calibration_pubsub/install/calibration_pubsub/share/ament_index
creating /home/prakt5/prakt5_ws/src/calibration_pubsub/install/calibration_pubsub/share/ament_index/resource_index
creating /home/prakt5/prakt5_ws/src/calibration_pubsub/install/calibration_pubsub/share/ament_index/resource_index/packages
copying resource/calibration_pubsub -> /home/prakt5/prakt5_ws/src/calibration_pubsub/install/calibration_pubsub/share/ament_index/resource_index/packages
copying package.xml -> /home/prakt5/prakt5_ws/src/calibration_pubsub/install/calibration_pubsub/share/calibration_pubsub
running install_egg_info
Copying build/calibration_pubsub/calibration_pubsub.egg-info to /home/prakt5/prakt5_ws/src/calibration_pubsub/install/calibration_pubsub/lib/python3.8/site-packages/calibration_pubsub-0.0.0-py3.8.egg-info
running install_scripts
Installing listener script to /home/prakt5/prakt5_ws/src/calibration_pubsub/install/calibration_pubsub/lib/calibration_pubsub
Installing talker script to /home/prakt5/prakt5_ws/src/calibration_pubsub/install/calibration_pubsub/lib/calibration_pubsub
writing list of installed files to '/home/prakt5/prakt5_ws/src/calibration_pubsub/build/calibration_pubsub/install.log'
