running egg_info
writing build/calibration_pubsub/calibration_pubsub.egg-info/PKG-INFO
writing dependency_links to build/calibration_pubsub/calibration_pubsub.egg-info/dependency_links.txt
writing entry points to build/calibration_pubsub/calibration_pubsub.egg-info/entry_points.txt
writing requirements to build/calibration_pubsub/calibration_pubsub.egg-info/requires.txt
writing top-level names to build/calibration_pubsub/calibration_pubsub.egg-info/top_level.txt
reading manifest file 'build/calibration_pubsub/calibration_pubsub.egg-info/SOURCES.txt'
writing manifest file 'build/calibration_pubsub/calibration_pubsub.egg-info/SOURCES.txt'
running build
running build_py
copying calibration_pubsub/calibration.py -> /home/prakt5/prakt5_ws/src/calibration_pubsub/build/calibration_pubsub/build/lib/calibration_pubsub
running install
running install_lib
copying /home/prakt5/prakt5_ws/src/calibration_pubsub/build/calibration_pubsub/build/lib/calibration_pubsub/calibration.py -> /home/prakt5/prakt5_ws/src/calibration_pubsub/install/calibration_pubsub/lib/python3.8/site-packages/calibration_pubsub
byte-compiling /home/prakt5/prakt5_ws/src/calibration_pubsub/install/calibration_pubsub/lib/python3.8/site-packages/calibration_pubsub/calibration.py to calibration.cpython-38.pyc
running install_data
running install_egg_info
removing '/home/prakt5/prakt5_ws/src/calibration_pubsub/install/calibration_pubsub/lib/python3.8/site-packages/calibration_pubsub-0.0.0-py3.8.egg-info' (and everything under it)
Copying build/calibration_pubsub/calibration_pubsub.egg-info to /home/prakt5/prakt5_ws/src/calibration_pubsub/install/calibration_pubsub/lib/python3.8/site-packages/calibration_pubsub-0.0.0-py3.8.egg-info
running install_scripts
Installing listener script to /home/prakt5/prakt5_ws/src/calibration_pubsub/install/calibration_pubsub/lib/calibration_pubsub
Installing talker script to /home/prakt5/prakt5_ws/src/calibration_pubsub/install/calibration_pubsub/lib/calibration_pubsub
writing list of installed files to '/home/prakt5/prakt5_ws/src/calibration_pubsub/build/calibration_pubsub/install.log'
