[0.334s] Invoking command in '/home/prakt5/prakt5_ws/src/calibration_pubsub': PYTHONPATH=/home/prakt5/prakt5_ws/src/calibration_pubsub/build/calibration_pubsub/prefix_override:/home/prakt5/prakt5_ws/src/calibration_pubsub/install/calibration_pubsub/lib/python3.8/site-packages:${PYTHONPATH} /usr/bin/python3 setup.py egg_info --egg-base build/calibration_pubsub build --build-base /home/prakt5/prakt5_ws/src/calibration_pubsub/build/calibration_pubsub/build install --record /home/prakt5/prakt5_ws/src/calibration_pubsub/build/calibration_pubsub/install.log --single-version-externally-managed
[0.446s] running egg_info
[0.447s] writing build/calibration_pubsub/calibration_pubsub.egg-info/PKG-INFO
[0.447s] writing dependency_links to build/calibration_pubsub/calibration_pubsub.egg-info/dependency_links.txt
[0.447s] writing entry points to build/calibration_pubsub/calibration_pubsub.egg-info/entry_points.txt
[0.447s] writing requirements to build/calibration_pubsub/calibration_pubsub.egg-info/requires.txt
[0.447s] writing top-level names to build/calibration_pubsub/calibration_pubsub.egg-info/top_level.txt
[0.465s] reading manifest file 'build/calibration_pubsub/calibration_pubsub.egg-info/SOURCES.txt'
[0.465s] writing manifest file 'build/calibration_pubsub/calibration_pubsub.egg-info/SOURCES.txt'
[0.465s] running build
[0.465s] running build_py
[0.465s] running install
[0.466s] running install_lib
[0.466s] running install_data
[0.467s] running install_egg_info
[0.467s] removing '/home/prakt5/prakt5_ws/src/calibration_pubsub/install/calibration_pubsub/lib/python3.8/site-packages/calibration_pubsub-0.0.0-py3.8.egg-info' (and everything under it)
[0.468s] Copying build/calibration_pubsub/calibration_pubsub.egg-info to /home/prakt5/prakt5_ws/src/calibration_pubsub/install/calibration_pubsub/lib/python3.8/site-packages/calibration_pubsub-0.0.0-py3.8.egg-info
[0.468s] running install_scripts
[0.477s] Installing listener script to /home/prakt5/prakt5_ws/src/calibration_pubsub/install/calibration_pubsub/lib/calibration_pubsub
[0.477s] Installing talker script to /home/prakt5/prakt5_ws/src/calibration_pubsub/install/calibration_pubsub/lib/calibration_pubsub
[0.478s] writing list of installed files to '/home/prakt5/prakt5_ws/src/calibration_pubsub/build/calibration_pubsub/install.log'
[0.488s] Invoked command in '/home/prakt5/prakt5_ws/src/calibration_pubsub' returned '0': PYTHONPATH=/home/prakt5/prakt5_ws/src/calibration_pubsub/build/calibration_pubsub/prefix_override:/home/prakt5/prakt5_ws/src/calibration_pubsub/install/calibration_pubsub/lib/python3.8/site-packages:${PYTHONPATH} /usr/bin/python3 setup.py egg_info --egg-base build/calibration_pubsub build --build-base /home/prakt5/prakt5_ws/src/calibration_pubsub/build/calibration_pubsub/build install --record /home/prakt5/prakt5_ws/src/calibration_pubsub/build/calibration_pubsub/install.log --single-version-externally-managed
