[0.094s] DEBUG:colcon:Command line arguments: ['/usr/bin/colcon', 'build', '--packages-select', 'calibration_pubsub']
[0.094s] DEBUG:colcon:Parsed command line arguments: Namespace(allow_overriding=[], ament_cmake_args=None, base_paths=['.'], build_base='build', catkin_cmake_args=None, catkin_skip_building_tests=False, cmake_args=None, cmake_clean_cache=False, cmake_clean_first=False, cmake_force_configure=False, cmake_target=None, cmake_target_skip_unavailable=False, continue_on_error=False, event_handlers=None, executor='parallel', ignore_user_meta=False, install_base='install', log_base=None, log_level=None, main=<bound method BuildVerb.main of <colcon_core.verb.build.BuildVerb object at 0x7f41a045e220>>, merge_install=False, metas=['./colcon.meta'], mixin=None, mixin_files=None, mixin_verb=('build',), packages_above=None, packages_above_and_dependencies=None, packages_above_depth=None, packages_end=None, packages_ignore=None, packages_ignore_regex=None, packages_select=['calibration_pubsub'], packages_select_build_failed=False, packages_select_by_dep=None, packages_select_regex=None, packages_select_test_failures=False, packages_skip=None, packages_skip_build_finished=False, packages_skip_by_dep=None, packages_skip_regex=None, packages_skip_test_passed=False, packages_skip_up_to=None, packages_start=None, packages_up_to=None, packages_up_to_regex=None, parallel_workers=12, paths=None, symlink_install=False, test_result_base=None, verb_extension=<colcon_core.verb.build.BuildVerb object at 0x7f41a045e220>, verb_name='build', verb_parser=<colcon_mixin.mixin.mixin_argument.MixinArgumentDecorator object at 0x7f41a045e880>)
[0.106s] Level 1:colcon.colcon_core.package_discovery:discover_packages(colcon_meta) check parameters
[0.107s] Level 1:colcon.colcon_core.package_discovery:discover_packages(recursive) check parameters
[0.107s] Level 1:colcon.colcon_core.package_discovery:discover_packages(ignore) check parameters
[0.107s] Level 1:colcon.colcon_core.package_discovery:discover_packages(path) check parameters
[0.107s] Level 1:colcon.colcon_core.package_discovery:discover_packages(colcon_meta) discover
[0.107s] Level 1:colcon.colcon_core.package_discovery:discover_packages(recursive) discover
[0.107s] INFO:colcon.colcon_core.package_discovery:Crawling recursively for packages in '/home/prakt5/prakt5_ws/src/calibration_pubsub'
[0.107s] Level 1:colcon.colcon_core.package_identification:_identify(.) by extensions ['ignore', 'ignore_ament_install']
[0.107s] Level 1:colcon.colcon_core.package_identification:_identify(.) by extension 'ignore'
[0.107s] Level 1:colcon.colcon_core.package_identification:_identify(.) by extension 'ignore_ament_install'
[0.107s] Level 1:colcon.colcon_core.package_identification:_identify(.) by extensions ['colcon_pkg']
[0.107s] Level 1:colcon.colcon_core.package_identification:_identify(.) by extension 'colcon_pkg'
[0.107s] Level 1:colcon.colcon_core.package_identification:_identify(.) by extensions ['colcon_meta']
[0.107s] Level 1:colcon.colcon_core.package_identification:_identify(.) by extension 'colcon_meta'
[0.107s] Level 1:colcon.colcon_core.package_identification:_identify(.) by extensions ['ros']
[0.107s] Level 1:colcon.colcon_core.package_identification:_identify(.) by extension 'ros'
[0.119s] DEBUG:colcon.colcon_core.package_identification:Package '.' with type 'ros.ament_python' and name 'calibration_pubsub'
[0.119s] Level 1:colcon.colcon_core.package_discovery:discover_packages(recursive) using defaults
[0.119s] Level 1:colcon.colcon_core.package_discovery:discover_packages(ignore) discover
[0.119s] Level 1:colcon.colcon_core.package_discovery:discover_packages(ignore) using defaults
[0.119s] Level 1:colcon.colcon_core.package_discovery:discover_packages(path) discover
[0.119s] Level 1:colcon.colcon_core.package_discovery:discover_packages(path) using defaults
[0.130s] Level 1:colcon.colcon_core.package_discovery:discover_packages(prefix_path) check parameters
[0.130s] Level 1:colcon.colcon_core.package_discovery:discover_packages(prefix_path) discover
[0.133s] DEBUG:colcon.colcon_installed_package_information.package_discovery:Found 45 installed packages in /home/prakt5/ws_moveit2/install
[0.133s] DEBUG:colcon.colcon_installed_package_information.package_discovery:Found 18 installed packages in /home/prakt5/prakt5_ws/install
[0.135s] DEBUG:colcon.colcon_installed_package_information.package_discovery:Found 355 installed packages in /opt/ros/galactic
[0.137s] Level 1:colcon.colcon_core.package_discovery:discover_packages(prefix_path) using defaults
[0.180s] Level 5:colcon.colcon_core.verb:set package 'calibration_pubsub' build argument 'cmake_args' from command line to 'None'
[0.180s] Level 5:colcon.colcon_core.verb:set package 'calibration_pubsub' build argument 'cmake_target' from command line to 'None'
[0.180s] Level 5:colcon.colcon_core.verb:set package 'calibration_pubsub' build argument 'cmake_target_skip_unavailable' from command line to 'False'
[0.180s] Level 5:colcon.colcon_core.verb:set package 'calibration_pubsub' build argument 'cmake_clean_cache' from command line to 'False'
[0.180s] Level 5:colcon.colcon_core.verb:set package 'calibration_pubsub' build argument 'cmake_clean_first' from command line to 'False'
[0.180s] Level 5:colcon.colcon_core.verb:set package 'calibration_pubsub' build argument 'cmake_force_configure' from command line to 'False'
[0.180s] Level 5:colcon.colcon_core.verb:set package 'calibration_pubsub' build argument 'ament_cmake_args' from command line to 'None'
[0.180s] Level 5:colcon.colcon_core.verb:set package 'calibration_pubsub' build argument 'catkin_cmake_args' from command line to 'None'
[0.180s] Level 5:colcon.colcon_core.verb:set package 'calibration_pubsub' build argument 'catkin_skip_building_tests' from command line to 'False'
[0.180s] DEBUG:colcon.colcon_core.verb:Building package 'calibration_pubsub' with the following arguments: {'ament_cmake_args': None, 'build_base': '/home/prakt5/prakt5_ws/src/calibration_pubsub/build/calibration_pubsub', 'catkin_cmake_args': None, 'catkin_skip_building_tests': False, 'cmake_args': None, 'cmake_clean_cache': False, 'cmake_clean_first': False, 'cmake_force_configure': False, 'cmake_target': None, 'cmake_target_skip_unavailable': False, 'install_base': '/home/prakt5/prakt5_ws/src/calibration_pubsub/install/calibration_pubsub', 'merge_install': False, 'path': '/home/prakt5/prakt5_ws/src/calibration_pubsub', 'symlink_install': False, 'test_result_base': None}
[0.181s] INFO:colcon.colcon_core.executor:Executing jobs using 'parallel' executor
[0.183s] DEBUG:colcon.colcon_parallel_executor.executor.parallel:run_until_complete
[0.183s] INFO:colcon.colcon_ros.task.ament_python.build:Building ROS package in '/home/prakt5/prakt5_ws/src/calibration_pubsub' with build type 'ament_python'
[0.183s] Level 1:colcon.colcon_core.shell:create_environment_hook('calibration_pubsub', 'ament_prefix_path')
[0.185s] INFO:colcon.colcon_core.plugin_system:Skipping extension 'colcon_core.shell.bat': Not used on non-Windows systems
[0.185s] INFO:colcon.colcon_core.shell:Creating environment hook '/home/prakt5/prakt5_ws/src/calibration_pubsub/install/calibration_pubsub/share/calibration_pubsub/hook/ament_prefix_path.ps1'
[0.186s] INFO:colcon.colcon_core.shell:Creating environment descriptor '/home/prakt5/prakt5_ws/src/calibration_pubsub/install/calibration_pubsub/share/calibration_pubsub/hook/ament_prefix_path.dsv'
[0.186s] INFO:colcon.colcon_core.shell:Creating environment hook '/home/prakt5/prakt5_ws/src/calibration_pubsub/install/calibration_pubsub/share/calibration_pubsub/hook/ament_prefix_path.sh'
[0.187s] INFO:colcon.colcon_core.shell:Skip shell extension 'powershell' for command environment: Not usable outside of PowerShell
[0.187s] DEBUG:colcon.colcon_core.shell:Skip shell extension 'dsv' for command environment
[0.310s] INFO:colcon.colcon_core.task.python.build:Building Python package in '/home/prakt5/prakt5_ws/src/calibration_pubsub'
[0.311s] INFO:colcon.colcon_core.shell:Skip shell extension 'powershell' for command environment: Not usable outside of PowerShell
[0.311s] DEBUG:colcon.colcon_core.shell:Skip shell extension 'dsv' for command environment
[0.517s] DEBUG:colcon.colcon_core.event_handler.log_command:Invoking command in '/home/prakt5/prakt5_ws/src/calibration_pubsub': PYTHONPATH=/home/prakt5/prakt5_ws/src/calibration_pubsub/build/calibration_pubsub/prefix_override:/home/prakt5/prakt5_ws/src/calibration_pubsub/install/calibration_pubsub/lib/python3.8/site-packages:${PYTHONPATH} /usr/bin/python3 setup.py egg_info --egg-base build/calibration_pubsub build --build-base /home/prakt5/prakt5_ws/src/calibration_pubsub/build/calibration_pubsub/build install --record /home/prakt5/prakt5_ws/src/calibration_pubsub/build/calibration_pubsub/install.log --single-version-externally-managed
[0.672s] DEBUG:colcon.colcon_core.event_handler.log_command:Invoked command in '/home/prakt5/prakt5_ws/src/calibration_pubsub' returned '0': PYTHONPATH=/home/prakt5/prakt5_ws/src/calibration_pubsub/build/calibration_pubsub/prefix_override:/home/prakt5/prakt5_ws/src/calibration_pubsub/install/calibration_pubsub/lib/python3.8/site-packages:${PYTHONPATH} /usr/bin/python3 setup.py egg_info --egg-base build/calibration_pubsub build --build-base /home/prakt5/prakt5_ws/src/calibration_pubsub/build/calibration_pubsub/build install --record /home/prakt5/prakt5_ws/src/calibration_pubsub/build/calibration_pubsub/install.log --single-version-externally-managed
[0.674s] Level 1:colcon.colcon_core.environment:checking '/home/prakt5/prakt5_ws/src/calibration_pubsub/install/calibration_pubsub' for CMake module files
[0.675s] Level 1:colcon.colcon_core.environment:checking '/home/prakt5/prakt5_ws/src/calibration_pubsub/install/calibration_pubsub' for CMake config files
[0.675s] Level 1:colcon.colcon_core.environment:checking '/home/prakt5/prakt5_ws/src/calibration_pubsub/install/calibration_pubsub/lib'
[0.675s] Level 1:colcon.colcon_core.environment:checking '/home/prakt5/prakt5_ws/src/calibration_pubsub/install/calibration_pubsub/bin'
[0.675s] Level 1:colcon.colcon_core.environment:checking '/home/prakt5/prakt5_ws/src/calibration_pubsub/install/calibration_pubsub/lib/pkgconfig/calibration_pubsub.pc'
[0.675s] Level 1:colcon.colcon_core.environment:checking '/home/prakt5/prakt5_ws/src/calibration_pubsub/install/calibration_pubsub/lib/python3.8/site-packages'
[0.675s] Level 1:colcon.colcon_core.shell:create_environment_hook('calibration_pubsub', 'pythonpath')
[0.676s] INFO:colcon.colcon_core.shell:Creating environment hook '/home/prakt5/prakt5_ws/src/calibration_pubsub/install/calibration_pubsub/share/calibration_pubsub/hook/pythonpath.ps1'
[0.676s] INFO:colcon.colcon_core.shell:Creating environment descriptor '/home/prakt5/prakt5_ws/src/calibration_pubsub/install/calibration_pubsub/share/calibration_pubsub/hook/pythonpath.dsv'
[0.677s] INFO:colcon.colcon_core.shell:Creating environment hook '/home/prakt5/prakt5_ws/src/calibration_pubsub/install/calibration_pubsub/share/calibration_pubsub/hook/pythonpath.sh'
[0.677s] Level 1:colcon.colcon_core.environment:checking '/home/prakt5/prakt5_ws/src/calibration_pubsub/install/calibration_pubsub/bin'
[0.677s] Level 1:colcon.colcon_core.environment:create_environment_scripts_only(calibration_pubsub)
[0.678s] INFO:colcon.colcon_core.shell:Creating package script '/home/prakt5/prakt5_ws/src/calibration_pubsub/install/calibration_pubsub/share/calibration_pubsub/package.ps1'
[0.678s] INFO:colcon.colcon_core.shell:Creating package descriptor '/home/prakt5/prakt5_ws/src/calibration_pubsub/install/calibration_pubsub/share/calibration_pubsub/package.dsv'
[0.678s] INFO:colcon.colcon_core.shell:Creating package script '/home/prakt5/prakt5_ws/src/calibration_pubsub/install/calibration_pubsub/share/calibration_pubsub/package.sh'
[0.679s] INFO:colcon.colcon_core.shell:Creating package script '/home/prakt5/prakt5_ws/src/calibration_pubsub/install/calibration_pubsub/share/calibration_pubsub/package.bash'
[0.679s] INFO:colcon.colcon_core.shell:Creating package script '/home/prakt5/prakt5_ws/src/calibration_pubsub/install/calibration_pubsub/share/calibration_pubsub/package.zsh'
[0.679s] Level 1:colcon.colcon_core.environment:create_file_with_runtime_dependencies(/home/prakt5/prakt5_ws/src/calibration_pubsub/install/calibration_pubsub/share/colcon-core/packages/calibration_pubsub)
[0.679s] DEBUG:colcon.colcon_parallel_executor.executor.parallel:closing loop
[0.680s] DEBUG:colcon.colcon_parallel_executor.executor.parallel:loop closed
[0.680s] DEBUG:colcon.colcon_parallel_executor.executor.parallel:run_until_complete finished with '0'
[0.680s] DEBUG:colcon.colcon_core.event_reactor:joining thread
[0.683s] INFO:colcon.colcon_core.plugin_system:Skipping extension 'colcon_notification.desktop_notification.terminal_notifier': Not used on non-Darwin systems
[0.683s] INFO:colcon.colcon_core.plugin_system:Skipping extension 'colcon_notification.desktop_notification.win32': Not used on non-Windows systems
[0.683s] INFO:colcon.colcon_notification.desktop_notification:Sending desktop notification using 'notify2'
[0.691s] DEBUG:colcon.colcon_core.event_reactor:joined thread
[0.692s] INFO:colcon.colcon_core.shell:Creating prefix script '/home/prakt5/prakt5_ws/src/calibration_pubsub/install/local_setup.ps1'
[0.693s] INFO:colcon.colcon_core.shell:Creating prefix util module '/home/prakt5/prakt5_ws/src/calibration_pubsub/install/_local_setup_util_ps1.py'
[0.694s] INFO:colcon.colcon_core.shell:Creating prefix chain script '/home/prakt5/prakt5_ws/src/calibration_pubsub/install/setup.ps1'
[0.696s] INFO:colcon.colcon_core.shell:Creating prefix script '/home/prakt5/prakt5_ws/src/calibration_pubsub/install/local_setup.sh'
[0.696s] INFO:colcon.colcon_core.shell:Creating prefix util module '/home/prakt5/prakt5_ws/src/calibration_pubsub/install/_local_setup_util_sh.py'
[0.696s] INFO:colcon.colcon_core.shell:Creating prefix chain script '/home/prakt5/prakt5_ws/src/calibration_pubsub/install/setup.sh'
[0.698s] INFO:colcon.colcon_core.shell:Creating prefix script '/home/prakt5/prakt5_ws/src/calibration_pubsub/install/local_setup.bash'
[0.699s] INFO:colcon.colcon_core.shell:Creating prefix chain script '/home/prakt5/prakt5_ws/src/calibration_pubsub/install/setup.bash'
[0.700s] INFO:colcon.colcon_core.shell:Creating prefix script '/home/prakt5/prakt5_ws/src/calibration_pubsub/install/local_setup.zsh'
[0.700s] INFO:colcon.colcon_core.shell:Creating prefix chain script '/home/prakt5/prakt5_ws/src/calibration_pubsub/install/setup.zsh'
