[0.107s] DEBUG:colcon:Command line arguments: ['/usr/bin/colcon', 'build', '--packages-select', 'morris_interface']
[0.107s] DEBUG:colcon:Parsed command line arguments: Namespace(allow_overriding=[], ament_cmake_args=None, base_paths=['.'], build_base='build', catkin_cmake_args=None, catkin_skip_building_tests=False, cmake_args=None, cmake_clean_cache=False, cmake_clean_first=False, cmake_force_configure=False, cmake_target=None, cmake_target_skip_unavailable=False, continue_on_error=False, event_handlers=None, executor='parallel', ignore_user_meta=False, install_base='install', log_base=None, log_level=None, main=<bound method BuildVerb.main of <colcon_core.verb.build.BuildVerb object at 0x7fd42a8894c0>>, merge_install=False, metas=['./colcon.meta'], mixin=None, mixin_files=None, mixin_verb=('build',), packages_above=None, packages_above_and_dependencies=None, packages_above_depth=None, packages_end=None, packages_ignore=None, packages_ignore_regex=None, packages_select=['morris_interface'], packages_select_build_failed=False, packages_select_by_dep=None, packages_select_regex=None, packages_select_test_failures=False, packages_skip=None, packages_skip_build_finished=False, packages_skip_by_dep=None, packages_skip_regex=None, packages_skip_test_passed=False, packages_skip_up_to=None, packages_start=None, packages_up_to=None, packages_up_to_regex=None, parallel_workers=12, paths=None, symlink_install=False, test_result_base=None, verb_extension=<colcon_core.verb.build.BuildVerb object at 0x7fd42a8894c0>, verb_name='build', verb_parser=<colcon_mixin.mixin.mixin_argument.MixinArgumentDecorator object at 0x7fd42a889b20>)
[0.121s] Level 1:colcon.colcon_core.package_discovery:discover_packages(colcon_meta) check parameters
[0.122s] Level 1:colcon.colcon_core.package_discovery:discover_packages(recursive) check parameters
[0.122s] Level 1:colcon.colcon_core.package_discovery:discover_packages(ignore) check parameters
[0.122s] Level 1:colcon.colcon_core.package_discovery:discover_packages(path) check parameters
[0.122s] Level 1:colcon.colcon_core.package_discovery:discover_packages(colcon_meta) discover
[0.122s] Level 1:colcon.colcon_core.package_discovery:discover_packages(recursive) discover
[0.122s] INFO:colcon.colcon_core.package_discovery:Crawling recursively for packages in '/home/prakt5/prakt5_ws/src/morris_interface'
[0.122s] Level 1:colcon.colcon_core.package_identification:_identify(.) by extensions ['ignore', 'ignore_ament_install']
[0.122s] Level 1:colcon.colcon_core.package_identification:_identify(.) by extension 'ignore'
[0.122s] Level 1:colcon.colcon_core.package_identification:_identify(.) by extension 'ignore_ament_install'
[0.122s] Level 1:colcon.colcon_core.package_identification:_identify(.) by extensions ['colcon_pkg']
[0.122s] Level 1:colcon.colcon_core.package_identification:_identify(.) by extension 'colcon_pkg'
[0.122s] Level 1:colcon.colcon_core.package_identification:_identify(.) by extensions ['colcon_meta']
[0.122s] Level 1:colcon.colcon_core.package_identification:_identify(.) by extension 'colcon_meta'
[0.122s] Level 1:colcon.colcon_core.package_identification:_identify(.) by extensions ['ros']
[0.122s] Level 1:colcon.colcon_core.package_identification:_identify(.) by extension 'ros'
[0.135s] DEBUG:colcon.colcon_core.package_identification:Package '.' with type 'ros.ament_cmake' and name 'morris_interface'
[0.135s] Level 1:colcon.colcon_core.package_discovery:discover_packages(recursive) using defaults
[0.135s] Level 1:colcon.colcon_core.package_discovery:discover_packages(ignore) discover
[0.135s] Level 1:colcon.colcon_core.package_discovery:discover_packages(ignore) using defaults
[0.135s] Level 1:colcon.colcon_core.package_discovery:discover_packages(path) discover
[0.135s] Level 1:colcon.colcon_core.package_discovery:discover_packages(path) using defaults
[0.148s] Level 1:colcon.colcon_core.package_discovery:discover_packages(prefix_path) check parameters
[0.148s] Level 1:colcon.colcon_core.package_discovery:discover_packages(prefix_path) discover
[0.149s] WARNING:colcon.colcon_core.prefix_path.colcon:The path '/home/prakt5/ws_moveit2/install' in the environment variable COLCON_PREFIX_PATH doesn't exist
[0.150s] WARNING:colcon.colcon_ros.prefix_path.ament:The path '/home/prakt5/ws_moveit2/install/moveit2_tutorials' in the environment variable AMENT_PREFIX_PATH doesn't exist
[0.150s] WARNING:colcon.colcon_ros.prefix_path.ament:The path '/home/prakt5/ws_moveit2/install/moveit_visual_tools' in the environment variable AMENT_PREFIX_PATH doesn't exist
[0.150s] WARNING:colcon.colcon_ros.prefix_path.ament:The path '/home/prakt5/ws_moveit2/install/rviz_visual_tools' in the environment variable AMENT_PREFIX_PATH doesn't exist
[0.150s] WARNING:colcon.colcon_ros.prefix_path.ament:The path '/home/prakt5/ws_moveit2/install/pilz_industrial_motion_planner_testutils' in the environment variable AMENT_PREFIX_PATH doesn't exist
[0.150s] WARNING:colcon.colcon_ros.prefix_path.ament:The path '/home/prakt5/ws_moveit2/install/moveit_runtime' in the environment variable AMENT_PREFIX_PATH doesn't exist
[0.150s] WARNING:colcon.colcon_ros.prefix_path.ament:The path '/home/prakt5/ws_moveit2/install/moveit' in the environment variable AMENT_PREFIX_PATH doesn't exist
[0.150s] WARNING:colcon.colcon_ros.prefix_path.ament:The path '/home/prakt5/ws_moveit2/install/moveit_planners' in the environment variable AMENT_PREFIX_PATH doesn't exist
[0.150s] WARNING:colcon.colcon_ros.prefix_path.ament:The path '/home/prakt5/ws_moveit2/install/pilz_industrial_motion_planner' in the environment variable AMENT_PREFIX_PATH doesn't exist
[0.150s] WARNING:colcon.colcon_ros.prefix_path.ament:The path '/home/prakt5/ws_moveit2/install/moveit_ros_control_interface' in the environment variable AMENT_PREFIX_PATH doesn't exist
[0.150s] WARNING:colcon.colcon_ros.prefix_path.ament:The path '/home/prakt5/ws_moveit2/install/moveit_plugins' in the environment variable AMENT_PREFIX_PATH doesn't exist
[0.150s] WARNING:colcon.colcon_ros.prefix_path.ament:The path '/home/prakt5/ws_moveit2/install/moveit_simple_controller_manager' in the environment variable AMENT_PREFIX_PATH doesn't exist
[0.150s] WARNING:colcon.colcon_ros.prefix_path.ament:The path '/home/prakt5/ws_moveit2/install/moveit_setup_assistant' in the environment variable AMENT_PREFIX_PATH doesn't exist
[0.150s] WARNING:colcon.colcon_ros.prefix_path.ament:The path '/home/prakt5/ws_moveit2/install/moveit_servo' in the environment variable AMENT_PREFIX_PATH doesn't exist
[0.150s] WARNING:colcon.colcon_ros.prefix_path.ament:The path '/home/prakt5/ws_moveit2/install/moveit_ros' in the environment variable AMENT_PREFIX_PATH doesn't exist
[0.150s] WARNING:colcon.colcon_ros.prefix_path.ament:The path '/home/prakt5/ws_moveit2/install/moveit_ros_visualization' in the environment variable AMENT_PREFIX_PATH doesn't exist
[0.150s] WARNING:colcon.colcon_ros.prefix_path.ament:The path '/home/prakt5/ws_moveit2/install/moveit_hybrid_planning' in the environment variable AMENT_PREFIX_PATH doesn't exist
[0.150s] WARNING:colcon.colcon_ros.prefix_path.ament:The path '/home/prakt5/ws_moveit2/install/moveit_ros_planning_interface' in the environment variable AMENT_PREFIX_PATH doesn't exist
[0.150s] WARNING:colcon.colcon_ros.prefix_path.ament:The path '/home/prakt5/ws_moveit2/install/moveit_ros_benchmarks' in the environment variable AMENT_PREFIX_PATH doesn't exist
[0.150s] WARNING:colcon.colcon_ros.prefix_path.ament:The path '/home/prakt5/ws_moveit2/install/moveit_ros_warehouse' in the environment variable AMENT_PREFIX_PATH doesn't exist
[0.150s] WARNING:colcon.colcon_ros.prefix_path.ament:The path '/home/prakt5/ws_moveit2/install/moveit_ros_robot_interaction' in the environment variable AMENT_PREFIX_PATH doesn't exist
[0.150s] WARNING:colcon.colcon_ros.prefix_path.ament:The path '/home/prakt5/ws_moveit2/install/moveit_ros_perception' in the environment variable AMENT_PREFIX_PATH doesn't exist
[0.150s] WARNING:colcon.colcon_ros.prefix_path.ament:The path '/home/prakt5/ws_moveit2/install/moveit_resources_prbt_pg70_support' in the environment variable AMENT_PREFIX_PATH doesn't exist
[0.150s] WARNING:colcon.colcon_ros.prefix_path.ament:The path '/home/prakt5/ws_moveit2/install/moveit_resources_prbt_moveit_config' in the environment variable AMENT_PREFIX_PATH doesn't exist
[0.150s] WARNING:colcon.colcon_ros.prefix_path.ament:The path '/home/prakt5/ws_moveit2/install/moveit_ros_move_group' in the environment variable AMENT_PREFIX_PATH doesn't exist
[0.150s] WARNING:colcon.colcon_ros.prefix_path.ament:The path '/home/prakt5/ws_moveit2/install/moveit_planners_ompl' in the environment variable AMENT_PREFIX_PATH doesn't exist
[0.150s] WARNING:colcon.colcon_ros.prefix_path.ament:The path '/home/prakt5/ws_moveit2/install/moveit_ros_planning' in the environment variable AMENT_PREFIX_PATH doesn't exist
[0.150s] WARNING:colcon.colcon_ros.prefix_path.ament:The path '/home/prakt5/ws_moveit2/install/moveit_ros_occupancy_map_monitor' in the environment variable AMENT_PREFIX_PATH doesn't exist
[0.150s] WARNING:colcon.colcon_ros.prefix_path.ament:The path '/home/prakt5/ws_moveit2/install/moveit_resources_prbt_support' in the environment variable AMENT_PREFIX_PATH doesn't exist
[0.150s] WARNING:colcon.colcon_ros.prefix_path.ament:The path '/home/prakt5/ws_moveit2/install/moveit_resources_prbt_ikfast_manipulator_plugin' in the environment variable AMENT_PREFIX_PATH doesn't exist
[0.150s] WARNING:colcon.colcon_ros.prefix_path.ament:The path '/home/prakt5/ws_moveit2/install/moveit_resources' in the environment variable AMENT_PREFIX_PATH doesn't exist
[0.150s] WARNING:colcon.colcon_ros.prefix_path.ament:The path '/home/prakt5/ws_moveit2/install/moveit_resources_pr2_description' in the environment variable AMENT_PREFIX_PATH doesn't exist
[0.150s] WARNING:colcon.colcon_ros.prefix_path.ament:The path '/home/prakt5/ws_moveit2/install/moveit_resources_panda_moveit_config' in the environment variable AMENT_PREFIX_PATH doesn't exist
[0.150s] WARNING:colcon.colcon_ros.prefix_path.ament:The path '/home/prakt5/ws_moveit2/install/moveit_resources_panda_description' in the environment variable AMENT_PREFIX_PATH doesn't exist
[0.150s] WARNING:colcon.colcon_ros.prefix_path.ament:The path '/home/prakt5/ws_moveit2/install/moveit_resources_fanuc_moveit_config' in the environment variable AMENT_PREFIX_PATH doesn't exist
[0.150s] WARNING:colcon.colcon_ros.prefix_path.ament:The path '/home/prakt5/ws_moveit2/install/moveit_resources_fanuc_description' in the environment variable AMENT_PREFIX_PATH doesn't exist
[0.150s] WARNING:colcon.colcon_ros.prefix_path.ament:The path '/home/prakt5/ws_moveit2/install/moveit_planners_chomp' in the environment variable AMENT_PREFIX_PATH doesn't exist
[0.150s] WARNING:colcon.colcon_ros.prefix_path.ament:The path '/home/prakt5/ws_moveit2/install/moveit_kinematics' in the environment variable AMENT_PREFIX_PATH doesn't exist
[0.150s] WARNING:colcon.colcon_ros.prefix_path.ament:The path '/home/prakt5/ws_moveit2/install/moveit_chomp_optimizer_adapter' in the environment variable AMENT_PREFIX_PATH doesn't exist
[0.150s] WARNING:colcon.colcon_ros.prefix_path.ament:The path '/home/prakt5/ws_moveit2/install/chomp_motion_planner' in the environment variable AMENT_PREFIX_PATH doesn't exist
[0.150s] WARNING:colcon.colcon_ros.prefix_path.ament:The path '/home/prakt5/ws_moveit2/install/moveit_core' in the environment variable AMENT_PREFIX_PATH doesn't exist
[0.150s] WARNING:colcon.colcon_ros.prefix_path.ament:The path '/home/prakt5/ws_moveit2/install/moveit_msgs' in the environment variable AMENT_PREFIX_PATH doesn't exist
[0.150s] WARNING:colcon.colcon_ros.prefix_path.ament:The path '/home/prakt5/ws_moveit2/install/moveit_configs_utils' in the environment variable AMENT_PREFIX_PATH doesn't exist
[0.150s] WARNING:colcon.colcon_ros.prefix_path.ament:The path '/home/prakt5/ws_moveit2/install/moveit_common' in the environment variable AMENT_PREFIX_PATH doesn't exist
[0.151s] WARNING:colcon.colcon_ros.prefix_path.ament:The path '/home/prakt5/ws_moveit2/install/launch_param_builder' in the environment variable AMENT_PREFIX_PATH doesn't exist
[0.151s] WARNING:colcon.colcon_ros.prefix_path.ament:The path '/home/prakt5/ws_moveit2/install/geometric_shapes' in the environment variable AMENT_PREFIX_PATH doesn't exist
[0.151s] WARNING:colcon.colcon_ros.prefix_path.catkin:The path '/home/prakt5/ws_moveit2/install/moveit2_tutorials' in the environment variable CMAKE_PREFIX_PATH doesn't exist
[0.151s] WARNING:colcon.colcon_ros.prefix_path.catkin:The path '/home/prakt5/ws_moveit2/install/moveit_visual_tools' in the environment variable CMAKE_PREFIX_PATH doesn't exist
[0.151s] WARNING:colcon.colcon_ros.prefix_path.catkin:The path '/home/prakt5/ws_moveit2/install/rviz_visual_tools' in the environment variable CMAKE_PREFIX_PATH doesn't exist
[0.151s] WARNING:colcon.colcon_ros.prefix_path.catkin:The path '/home/prakt5/ws_moveit2/install/pilz_industrial_motion_planner_testutils' in the environment variable CMAKE_PREFIX_PATH doesn't exist
[0.151s] WARNING:colcon.colcon_ros.prefix_path.catkin:The path '/home/prakt5/ws_moveit2/install/moveit_runtime' in the environment variable CMAKE_PREFIX_PATH doesn't exist
[0.151s] WARNING:colcon.colcon_ros.prefix_path.catkin:The path '/home/prakt5/ws_moveit2/install/moveit' in the environment variable CMAKE_PREFIX_PATH doesn't exist
[0.151s] WARNING:colcon.colcon_ros.prefix_path.catkin:The path '/home/prakt5/ws_moveit2/install/moveit_planners' in the environment variable CMAKE_PREFIX_PATH doesn't exist
[0.151s] WARNING:colcon.colcon_ros.prefix_path.catkin:The path '/home/prakt5/ws_moveit2/install/pilz_industrial_motion_planner' in the environment variable CMAKE_PREFIX_PATH doesn't exist
[0.151s] WARNING:colcon.colcon_ros.prefix_path.catkin:The path '/home/prakt5/ws_moveit2/install/moveit_ros_control_interface' in the environment variable CMAKE_PREFIX_PATH doesn't exist
[0.151s] WARNING:colcon.colcon_ros.prefix_path.catkin:The path '/home/prakt5/ws_moveit2/install/moveit_plugins' in the environment variable CMAKE_PREFIX_PATH doesn't exist
[0.151s] WARNING:colcon.colcon_ros.prefix_path.catkin:The path '/home/prakt5/ws_moveit2/install/moveit_simple_controller_manager' in the environment variable CMAKE_PREFIX_PATH doesn't exist
[0.151s] WARNING:colcon.colcon_ros.prefix_path.catkin:The path '/home/prakt5/ws_moveit2/install/moveit_setup_assistant' in the environment variable CMAKE_PREFIX_PATH doesn't exist
[0.151s] WARNING:colcon.colcon_ros.prefix_path.catkin:The path '/home/prakt5/ws_moveit2/install/moveit_servo' in the environment variable CMAKE_PREFIX_PATH doesn't exist
[0.151s] WARNING:colcon.colcon_ros.prefix_path.catkin:The path '/home/prakt5/ws_moveit2/install/moveit_ros' in the environment variable CMAKE_PREFIX_PATH doesn't exist
[0.151s] WARNING:colcon.colcon_ros.prefix_path.catkin:The path '/home/prakt5/ws_moveit2/install/moveit_ros_visualization' in the environment variable CMAKE_PREFIX_PATH doesn't exist
[0.151s] WARNING:colcon.colcon_ros.prefix_path.catkin:The path '/home/prakt5/ws_moveit2/install/moveit_hybrid_planning' in the environment variable CMAKE_PREFIX_PATH doesn't exist
[0.151s] WARNING:colcon.colcon_ros.prefix_path.catkin:The path '/home/prakt5/ws_moveit2/install/moveit_ros_planning_interface' in the environment variable CMAKE_PREFIX_PATH doesn't exist
[0.151s] WARNING:colcon.colcon_ros.prefix_path.catkin:The path '/home/prakt5/ws_moveit2/install/moveit_ros_benchmarks' in the environment variable CMAKE_PREFIX_PATH doesn't exist
[0.151s] WARNING:colcon.colcon_ros.prefix_path.catkin:The path '/home/prakt5/ws_moveit2/install/moveit_ros_warehouse' in the environment variable CMAKE_PREFIX_PATH doesn't exist
[0.151s] WARNING:colcon.colcon_ros.prefix_path.catkin:The path '/home/prakt5/ws_moveit2/install/moveit_ros_robot_interaction' in the environment variable CMAKE_PREFIX_PATH doesn't exist
[0.151s] WARNING:colcon.colcon_ros.prefix_path.catkin:The path '/home/prakt5/ws_moveit2/install/moveit_ros_perception' in the environment variable CMAKE_PREFIX_PATH doesn't exist
[0.151s] WARNING:colcon.colcon_ros.prefix_path.catkin:The path '/home/prakt5/ws_moveit2/install/moveit_resources_prbt_pg70_support' in the environment variable CMAKE_PREFIX_PATH doesn't exist
[0.151s] WARNING:colcon.colcon_ros.prefix_path.catkin:The path '/home/prakt5/ws_moveit2/install/moveit_resources_prbt_moveit_config' in the environment variable CMAKE_PREFIX_PATH doesn't exist
[0.151s] WARNING:colcon.colcon_ros.prefix_path.catkin:The path '/home/prakt5/ws_moveit2/install/moveit_ros_move_group' in the environment variable CMAKE_PREFIX_PATH doesn't exist
[0.151s] WARNING:colcon.colcon_ros.prefix_path.catkin:The path '/home/prakt5/ws_moveit2/install/moveit_planners_ompl' in the environment variable CMAKE_PREFIX_PATH doesn't exist
[0.151s] WARNING:colcon.colcon_ros.prefix_path.catkin:The path '/home/prakt5/ws_moveit2/install/moveit_ros_planning' in the environment variable CMAKE_PREFIX_PATH doesn't exist
[0.151s] WARNING:colcon.colcon_ros.prefix_path.catkin:The path '/home/prakt5/ws_moveit2/install/moveit_ros_occupancy_map_monitor' in the environment variable CMAKE_PREFIX_PATH doesn't exist
[0.151s] WARNING:colcon.colcon_ros.prefix_path.catkin:The path '/home/prakt5/ws_moveit2/install/moveit_resources_prbt_support' in the environment variable CMAKE_PREFIX_PATH doesn't exist
[0.151s] WARNING:colcon.colcon_ros.prefix_path.catkin:The path '/home/prakt5/ws_moveit2/install/moveit_resources_prbt_ikfast_manipulator_plugin' in the environment variable CMAKE_PREFIX_PATH doesn't exist
[0.151s] WARNING:colcon.colcon_ros.prefix_path.catkin:The path '/home/prakt5/ws_moveit2/install/moveit_resources' in the environment variable CMAKE_PREFIX_PATH doesn't exist
[0.151s] WARNING:colcon.colcon_ros.prefix_path.catkin:The path '/home/prakt5/ws_moveit2/install/moveit_resources_pr2_description' in the environment variable CMAKE_PREFIX_PATH doesn't exist
[0.151s] WARNING:colcon.colcon_ros.prefix_path.catkin:The path '/home/prakt5/ws_moveit2/install/moveit_resources_panda_moveit_config' in the environment variable CMAKE_PREFIX_PATH doesn't exist
[0.151s] WARNING:colcon.colcon_ros.prefix_path.catkin:The path '/home/prakt5/ws_moveit2/install/moveit_resources_panda_description' in the environment variable CMAKE_PREFIX_PATH doesn't exist
[0.151s] WARNING:colcon.colcon_ros.prefix_path.catkin:The path '/home/prakt5/ws_moveit2/install/moveit_resources_fanuc_moveit_config' in the environment variable CMAKE_PREFIX_PATH doesn't exist
[0.151s] WARNING:colcon.colcon_ros.prefix_path.catkin:The path '/home/prakt5/ws_moveit2/install/moveit_resources_fanuc_description' in the environment variable CMAKE_PREFIX_PATH doesn't exist
[0.151s] WARNING:colcon.colcon_ros.prefix_path.catkin:The path '/home/prakt5/ws_moveit2/install/moveit_planners_chomp' in the environment variable CMAKE_PREFIX_PATH doesn't exist
[0.151s] WARNING:colcon.colcon_ros.prefix_path.catkin:The path '/home/prakt5/ws_moveit2/install/moveit_kinematics' in the environment variable CMAKE_PREFIX_PATH doesn't exist
[0.151s] WARNING:colcon.colcon_ros.prefix_path.catkin:The path '/home/prakt5/ws_moveit2/install/moveit_chomp_optimizer_adapter' in the environment variable CMAKE_PREFIX_PATH doesn't exist
[0.151s] WARNING:colcon.colcon_ros.prefix_path.catkin:The path '/home/prakt5/ws_moveit2/install/chomp_motion_planner' in the environment variable CMAKE_PREFIX_PATH doesn't exist
[0.152s] WARNING:colcon.colcon_ros.prefix_path.catkin:The path '/home/prakt5/ws_moveit2/install/moveit_core' in the environment variable CMAKE_PREFIX_PATH doesn't exist
[0.152s] WARNING:colcon.colcon_ros.prefix_path.catkin:The path '/home/prakt5/ws_moveit2/install/moveit_msgs' in the environment variable CMAKE_PREFIX_PATH doesn't exist
[0.152s] WARNING:colcon.colcon_ros.prefix_path.catkin:The path '/home/prakt5/ws_moveit2/install/moveit_common' in the environment variable CMAKE_PREFIX_PATH doesn't exist
[0.152s] WARNING:colcon.colcon_ros.prefix_path.catkin:The path '/home/prakt5/ws_moveit2/install/geometric_shapes' in the environment variable CMAKE_PREFIX_PATH doesn't exist
[0.153s] DEBUG:colcon.colcon_installed_package_information.package_discovery:Found 29 installed packages in /home/prakt5/prakt5_ws/src/install
[0.154s] DEBUG:colcon.colcon_installed_package_information.package_discovery:Found 53 installed packages in /home/prakt5/prakt5_ws/install
[0.156s] DEBUG:colcon.colcon_installed_package_information.package_discovery:Found 355 installed packages in /opt/ros/galactic
[0.158s] Level 1:colcon.colcon_core.package_discovery:discover_packages(prefix_path) using defaults
[0.207s] Level 5:colcon.colcon_core.verb:set package 'morris_interface' build argument 'cmake_args' from command line to 'None'
[0.207s] Level 5:colcon.colcon_core.verb:set package 'morris_interface' build argument 'cmake_target' from command line to 'None'
[0.207s] Level 5:colcon.colcon_core.verb:set package 'morris_interface' build argument 'cmake_target_skip_unavailable' from command line to 'False'
[0.207s] Level 5:colcon.colcon_core.verb:set package 'morris_interface' build argument 'cmake_clean_cache' from command line to 'False'
[0.207s] Level 5:colcon.colcon_core.verb:set package 'morris_interface' build argument 'cmake_clean_first' from command line to 'False'
[0.207s] Level 5:colcon.colcon_core.verb:set package 'morris_interface' build argument 'cmake_force_configure' from command line to 'False'
[0.207s] Level 5:colcon.colcon_core.verb:set package 'morris_interface' build argument 'ament_cmake_args' from command line to 'None'
[0.207s] Level 5:colcon.colcon_core.verb:set package 'morris_interface' build argument 'catkin_cmake_args' from command line to 'None'
[0.207s] Level 5:colcon.colcon_core.verb:set package 'morris_interface' build argument 'catkin_skip_building_tests' from command line to 'False'
[0.207s] DEBUG:colcon.colcon_core.verb:Building package 'morris_interface' with the following arguments: {'ament_cmake_args': None, 'build_base': '/home/prakt5/prakt5_ws/src/morris_interface/build/morris_interface', 'catkin_cmake_args': None, 'catkin_skip_building_tests': False, 'cmake_args': None, 'cmake_clean_cache': False, 'cmake_clean_first': False, 'cmake_force_configure': False, 'cmake_target': None, 'cmake_target_skip_unavailable': False, 'install_base': '/home/prakt5/prakt5_ws/src/morris_interface/install/morris_interface', 'merge_install': False, 'path': '/home/prakt5/prakt5_ws/src/morris_interface', 'symlink_install': False, 'test_result_base': None}
[0.208s] INFO:colcon.colcon_core.executor:Executing jobs using 'parallel' executor
[0.210s] DEBUG:colcon.colcon_parallel_executor.executor.parallel:run_until_complete
[0.210s] INFO:colcon.colcon_ros.task.ament_cmake.build:Building ROS package in '/home/prakt5/prakt5_ws/src/morris_interface' with build type 'ament_cmake'
[0.210s] INFO:colcon.colcon_cmake.task.cmake.build:Building CMake package in '/home/prakt5/prakt5_ws/src/morris_interface'
[0.213s] INFO:colcon.colcon_core.plugin_system:Skipping extension 'colcon_core.shell.bat': Not used on non-Windows systems
[0.213s] INFO:colcon.colcon_core.shell:Skip shell extension 'powershell' for command environment: Not usable outside of PowerShell
[0.213s] DEBUG:colcon.colcon_core.shell:Skip shell extension 'dsv' for command environment
[0.223s] DEBUG:colcon.colcon_core.event_handler.log_command:Invoking command in '/home/prakt5/prakt5_ws/src/morris_interface/build/morris_interface': CMAKE_PREFIX_PATH=${CMAKE_PREFIX_PATH}:/home/prakt5/prakt5_ws/src/install/robot_controll_py:/home/prakt5/prakt5_ws/src/install/moveit_configs_utils:/home/prakt5/prakt5_ws/src/install/launch_param_builder:/home/prakt5/prakt5_ws/src/install/calibration_pubsub_py:/home/prakt5/ws_moveit2/install/moveit_configs_utils:/home/prakt5/ws_moveit2/install/launch_param_builder:/home/prakt5/prakt5_ws/install/sucker:/home/prakt5/prakt5_ws/install/moveit_configs_utils:/home/prakt5/prakt5_ws/install/launch_param_builder:/home/prakt5/prakt5_ws/install/calibration_pubsub:/home/prakt5/prakt5_ws/install/aufgabe1:/opt/ros/galactic /usr/bin/cmake /home/prakt5/prakt5_ws/src/morris_interface -DCMAKE_INSTALL_PREFIX=/home/prakt5/prakt5_ws/src/morris_interface/install/morris_interface
[0.832s] DEBUG:colcon.colcon_core.event_handler.log_command:Invoked command in '/home/prakt5/prakt5_ws/src/morris_interface/build/morris_interface' returned '0': CMAKE_PREFIX_PATH=${CMAKE_PREFIX_PATH}:/home/prakt5/prakt5_ws/src/install/robot_controll_py:/home/prakt5/prakt5_ws/src/install/moveit_configs_utils:/home/prakt5/prakt5_ws/src/install/launch_param_builder:/home/prakt5/prakt5_ws/src/install/calibration_pubsub_py:/home/prakt5/ws_moveit2/install/moveit_configs_utils:/home/prakt5/ws_moveit2/install/launch_param_builder:/home/prakt5/prakt5_ws/install/sucker:/home/prakt5/prakt5_ws/install/moveit_configs_utils:/home/prakt5/prakt5_ws/install/launch_param_builder:/home/prakt5/prakt5_ws/install/calibration_pubsub:/home/prakt5/prakt5_ws/install/aufgabe1:/opt/ros/galactic /usr/bin/cmake /home/prakt5/prakt5_ws/src/morris_interface -DCMAKE_INSTALL_PREFIX=/home/prakt5/prakt5_ws/src/morris_interface/install/morris_interface
[0.834s] DEBUG:colcon.colcon_core.event_handler.log_command:Invoking command in '/home/prakt5/prakt5_ws/src/morris_interface/build/morris_interface': CMAKE_PREFIX_PATH=${CMAKE_PREFIX_PATH}:/home/prakt5/prakt5_ws/src/install/robot_controll_py:/home/prakt5/prakt5_ws/src/install/moveit_configs_utils:/home/prakt5/prakt5_ws/src/install/launch_param_builder:/home/prakt5/prakt5_ws/src/install/calibration_pubsub_py:/home/prakt5/ws_moveit2/install/moveit_configs_utils:/home/prakt5/ws_moveit2/install/launch_param_builder:/home/prakt5/prakt5_ws/install/sucker:/home/prakt5/prakt5_ws/install/moveit_configs_utils:/home/prakt5/prakt5_ws/install/launch_param_builder:/home/prakt5/prakt5_ws/install/calibration_pubsub:/home/prakt5/prakt5_ws/install/aufgabe1:/opt/ros/galactic /usr/bin/cmake --build /home/prakt5/prakt5_ws/src/morris_interface/build/morris_interface -- -j12 -l12
[0.864s] DEBUG:colcon.colcon_core.event_handler.log_command:Invoked command in '/home/prakt5/prakt5_ws/src/morris_interface/build/morris_interface' returned '0': CMAKE_PREFIX_PATH=${CMAKE_PREFIX_PATH}:/home/prakt5/prakt5_ws/src/install/robot_controll_py:/home/prakt5/prakt5_ws/src/install/moveit_configs_utils:/home/prakt5/prakt5_ws/src/install/launch_param_builder:/home/prakt5/prakt5_ws/src/install/calibration_pubsub_py:/home/prakt5/ws_moveit2/install/moveit_configs_utils:/home/prakt5/ws_moveit2/install/launch_param_builder:/home/prakt5/prakt5_ws/install/sucker:/home/prakt5/prakt5_ws/install/moveit_configs_utils:/home/prakt5/prakt5_ws/install/launch_param_builder:/home/prakt5/prakt5_ws/install/calibration_pubsub:/home/prakt5/prakt5_ws/install/aufgabe1:/opt/ros/galactic /usr/bin/cmake --build /home/prakt5/prakt5_ws/src/morris_interface/build/morris_interface -- -j12 -l12
[0.895s] DEBUG:colcon.colcon_core.event_handler.log_command:Invoking command in '/home/prakt5/prakt5_ws/src/morris_interface/build/morris_interface': CMAKE_PREFIX_PATH=${CMAKE_PREFIX_PATH}:/home/prakt5/prakt5_ws/src/install/robot_controll_py:/home/prakt5/prakt5_ws/src/install/moveit_configs_utils:/home/prakt5/prakt5_ws/src/install/launch_param_builder:/home/prakt5/prakt5_ws/src/install/calibration_pubsub_py:/home/prakt5/ws_moveit2/install/moveit_configs_utils:/home/prakt5/ws_moveit2/install/launch_param_builder:/home/prakt5/prakt5_ws/install/sucker:/home/prakt5/prakt5_ws/install/moveit_configs_utils:/home/prakt5/prakt5_ws/install/launch_param_builder:/home/prakt5/prakt5_ws/install/calibration_pubsub:/home/prakt5/prakt5_ws/install/aufgabe1:/opt/ros/galactic /usr/bin/cmake --install /home/prakt5/prakt5_ws/src/morris_interface/build/morris_interface
[0.904s] Level 1:colcon.colcon_core.environment:create_environment_scripts_only(morris_interface)
[0.904s] DEBUG:colcon.colcon_core.event_handler.log_command:Invoked command in '/home/prakt5/prakt5_ws/src/morris_interface/build/morris_interface' returned '0': CMAKE_PREFIX_PATH=${CMAKE_PREFIX_PATH}:/home/prakt5/prakt5_ws/src/install/robot_controll_py:/home/prakt5/prakt5_ws/src/install/moveit_configs_utils:/home/prakt5/prakt5_ws/src/install/launch_param_builder:/home/prakt5/prakt5_ws/src/install/calibration_pubsub_py:/home/prakt5/ws_moveit2/install/moveit_configs_utils:/home/prakt5/ws_moveit2/install/launch_param_builder:/home/prakt5/prakt5_ws/install/sucker:/home/prakt5/prakt5_ws/install/moveit_configs_utils:/home/prakt5/prakt5_ws/install/launch_param_builder:/home/prakt5/prakt5_ws/install/calibration_pubsub:/home/prakt5/prakt5_ws/install/aufgabe1:/opt/ros/galactic /usr/bin/cmake --install /home/prakt5/prakt5_ws/src/morris_interface/build/morris_interface
[0.907s] Level 1:colcon.colcon_core.environment:checking '/home/prakt5/prakt5_ws/src/morris_interface/install/morris_interface' for CMake module files
[0.908s] Level 1:colcon.colcon_core.environment:checking '/home/prakt5/prakt5_ws/src/morris_interface/install/morris_interface' for CMake config files
[0.908s] Level 1:colcon.colcon_core.shell:create_environment_hook('morris_interface', 'cmake_prefix_path')
[0.908s] INFO:colcon.colcon_core.shell:Creating environment hook '/home/prakt5/prakt5_ws/src/morris_interface/install/morris_interface/share/morris_interface/hook/cmake_prefix_path.ps1'
[0.909s] INFO:colcon.colcon_core.shell:Creating environment descriptor '/home/prakt5/prakt5_ws/src/morris_interface/install/morris_interface/share/morris_interface/hook/cmake_prefix_path.dsv'
[0.909s] INFO:colcon.colcon_core.shell:Creating environment hook '/home/prakt5/prakt5_ws/src/morris_interface/install/morris_interface/share/morris_interface/hook/cmake_prefix_path.sh'
[0.910s] Level 1:colcon.colcon_core.environment:checking '/home/prakt5/prakt5_ws/src/morris_interface/install/morris_interface/bin'
[0.910s] Level 1:colcon.colcon_core.environment:checking '/home/prakt5/prakt5_ws/src/morris_interface/install/morris_interface/lib/pkgconfig/morris_interface.pc'
[0.910s] Level 1:colcon.colcon_core.environment:checking '/home/prakt5/prakt5_ws/src/morris_interface/install/morris_interface/lib/python3.8/site-packages'
[0.910s] Level 1:colcon.colcon_core.environment:checking '/home/prakt5/prakt5_ws/src/morris_interface/install/morris_interface/bin'
[0.911s] INFO:colcon.colcon_core.shell:Creating package script '/home/prakt5/prakt5_ws/src/morris_interface/install/morris_interface/share/morris_interface/package.ps1'
[0.911s] INFO:colcon.colcon_core.shell:Creating package descriptor '/home/prakt5/prakt5_ws/src/morris_interface/install/morris_interface/share/morris_interface/package.dsv'
[0.912s] INFO:colcon.colcon_core.shell:Creating package script '/home/prakt5/prakt5_ws/src/morris_interface/install/morris_interface/share/morris_interface/package.sh'
[0.912s] INFO:colcon.colcon_core.shell:Creating package script '/home/prakt5/prakt5_ws/src/morris_interface/install/morris_interface/share/morris_interface/package.bash'
[0.912s] INFO:colcon.colcon_core.shell:Creating package script '/home/prakt5/prakt5_ws/src/morris_interface/install/morris_interface/share/morris_interface/package.zsh'
[0.913s] Level 1:colcon.colcon_core.environment:create_file_with_runtime_dependencies(/home/prakt5/prakt5_ws/src/morris_interface/install/morris_interface/share/colcon-core/packages/morris_interface)
[0.936s] Level 1:colcon.colcon_core.environment:create_environment_scripts_only(morris_interface)
[0.937s] Level 1:colcon.colcon_core.environment:checking '/home/prakt5/prakt5_ws/src/morris_interface/install/morris_interface' for CMake module files
[0.938s] Level 1:colcon.colcon_core.environment:checking '/home/prakt5/prakt5_ws/src/morris_interface/install/morris_interface' for CMake config files
[0.938s] Level 1:colcon.colcon_core.shell:create_environment_hook('morris_interface', 'cmake_prefix_path')
[0.939s] INFO:colcon.colcon_core.shell:Creating environment hook '/home/prakt5/prakt5_ws/src/morris_interface/install/morris_interface/share/morris_interface/hook/cmake_prefix_path.ps1'
[0.939s] INFO:colcon.colcon_core.shell:Creating environment descriptor '/home/prakt5/prakt5_ws/src/morris_interface/install/morris_interface/share/morris_interface/hook/cmake_prefix_path.dsv'
[0.940s] INFO:colcon.colcon_core.shell:Creating environment hook '/home/prakt5/prakt5_ws/src/morris_interface/install/morris_interface/share/morris_interface/hook/cmake_prefix_path.sh'
[0.940s] Level 1:colcon.colcon_core.environment:checking '/home/prakt5/prakt5_ws/src/morris_interface/install/morris_interface/bin'
[0.940s] Level 1:colcon.colcon_core.environment:checking '/home/prakt5/prakt5_ws/src/morris_interface/install/morris_interface/lib/pkgconfig/morris_interface.pc'
[0.941s] Level 1:colcon.colcon_core.environment:checking '/home/prakt5/prakt5_ws/src/morris_interface/install/morris_interface/lib/python3.8/site-packages'
[0.941s] Level 1:colcon.colcon_core.environment:checking '/home/prakt5/prakt5_ws/src/morris_interface/install/morris_interface/bin'
[0.942s] INFO:colcon.colcon_core.shell:Creating package script '/home/prakt5/prakt5_ws/src/morris_interface/install/morris_interface/share/morris_interface/package.ps1'
[0.942s] INFO:colcon.colcon_core.shell:Creating package descriptor '/home/prakt5/prakt5_ws/src/morris_interface/install/morris_interface/share/morris_interface/package.dsv'
[0.943s] INFO:colcon.colcon_core.shell:Creating package script '/home/prakt5/prakt5_ws/src/morris_interface/install/morris_interface/share/morris_interface/package.sh'
[0.943s] INFO:colcon.colcon_core.shell:Creating package script '/home/prakt5/prakt5_ws/src/morris_interface/install/morris_interface/share/morris_interface/package.bash'
[0.943s] INFO:colcon.colcon_core.shell:Creating package script '/home/prakt5/prakt5_ws/src/morris_interface/install/morris_interface/share/morris_interface/package.zsh'
[0.943s] Level 1:colcon.colcon_core.environment:create_file_with_runtime_dependencies(/home/prakt5/prakt5_ws/src/morris_interface/install/morris_interface/share/colcon-core/packages/morris_interface)
[0.943s] DEBUG:colcon.colcon_parallel_executor.executor.parallel:closing loop
[0.944s] DEBUG:colcon.colcon_parallel_executor.executor.parallel:loop closed
[0.944s] DEBUG:colcon.colcon_parallel_executor.executor.parallel:run_until_complete finished with '0'
[0.944s] DEBUG:colcon.colcon_core.event_reactor:joining thread
[0.948s] INFO:colcon.colcon_core.plugin_system:Skipping extension 'colcon_notification.desktop_notification.terminal_notifier': Not used on non-Darwin systems
[0.948s] INFO:colcon.colcon_core.plugin_system:Skipping extension 'colcon_notification.desktop_notification.win32': Not used on non-Windows systems
[0.948s] INFO:colcon.colcon_notification.desktop_notification:Sending desktop notification using 'notify2'
[0.956s] DEBUG:colcon.colcon_core.event_reactor:joined thread
[0.957s] INFO:colcon.colcon_core.shell:Creating prefix script '/home/prakt5/prakt5_ws/src/morris_interface/install/local_setup.ps1'
[0.957s] INFO:colcon.colcon_core.shell:Creating prefix util module '/home/prakt5/prakt5_ws/src/morris_interface/install/_local_setup_util_ps1.py'
[0.958s] INFO:colcon.colcon_core.shell:Creating prefix chain script '/home/prakt5/prakt5_ws/src/morris_interface/install/setup.ps1'
[0.960s] INFO:colcon.colcon_core.shell:Creating prefix script '/home/prakt5/prakt5_ws/src/morris_interface/install/local_setup.sh'
[0.960s] INFO:colcon.colcon_core.shell:Creating prefix util module '/home/prakt5/prakt5_ws/src/morris_interface/install/_local_setup_util_sh.py'
[0.961s] INFO:colcon.colcon_core.shell:Creating prefix chain script '/home/prakt5/prakt5_ws/src/morris_interface/install/setup.sh'
[0.962s] INFO:colcon.colcon_core.shell:Creating prefix script '/home/prakt5/prakt5_ws/src/morris_interface/install/local_setup.bash'
[0.963s] INFO:colcon.colcon_core.shell:Creating prefix chain script '/home/prakt5/prakt5_ws/src/morris_interface/install/setup.bash'
[0.965s] INFO:colcon.colcon_core.shell:Creating prefix script '/home/prakt5/prakt5_ws/src/morris_interface/install/local_setup.zsh'
[0.965s] INFO:colcon.colcon_core.shell:Creating prefix chain script '/home/prakt5/prakt5_ws/src/morris_interface/install/setup.zsh'
